<?xml version="1.0" encoding="UTF-8"?>
<!-- Generated by org.testng.reporters.JUnitReportReporter -->
<testsuite hostname="DESKTOP-FPEVRQ9" failures="0" tests="2" name="runner.TestRunner" time="16.494" errors="1" timestamp="2026-02-18T21:29:51 IST" skipped="0">
  <testcase classname="runner.TestRunner" name="runScenario" time="4.093">
    <error message="Cannot invoke &quot;org.openqa.selenium.WebElement.sendKeys(java.lang.CharSequence[])&quot; because &quot;s.username&quot; is null" type="java.lang.NullPointerException">
      <![CDATA[java.lang.NullPointerException: Cannot invoke "org.openqa.selenium.WebElement.sendKeys(java.lang.CharSequence[])" because "s.username" is null
at steps.Datas.user_enter_the_username_and_password(Datas.java:44)
at ✽.user enter the username and password(file:///C:/Users/admin/Desktop/kavi/Cucumber_Projects/src/test/resources/Feature/datas.feature:16)
]]>
    </error>
  </testcase> <!-- runScenario -->
  <testcase classname="runner.TestRunner" name="runScenario" time="12.401"/>
</testsuite> <!-- runner.TestRunner -->
